<?xml version="1.0" encoding="UTF-8"?>
<!-- Generated by org.testng.reporters.JUnitReportReporter -->
<testsuite hostname="windows7-PC" name="com.hrmapp.orange.orangehrm.Tests" tests="2" failures="0" timestamp="6 Apr 2019 05:30:45 GMT" time="3.391" errors="0">
  <testcase name="test1" time="2.929" classname="com.hrmapp.orange.orangehrm.Tests"/>
  <testcase name="test2" time="0.462" classname="com.hrmapp.orange.orangehrm.Tests"/>
</testsuite> <!-- com.hrmapp.orange.orangehrm.Tests -->
